[07-Feb-2013 22:42:47]
lang=no_lang controller=home action=access-denied arguments=
Notice: Trying to get property of non-object in /var/www/ingressmx/application/classes/IngressMXController.php on line 87
Warning: Missing argument 3 for QuarkORMEngine::query(), called in /var/www/ingressmx/application/orm/Categories.php on line 36 and defined in /var/www/ingressmx/system/classes/QuarkORMEngine.php on line 129
Notice: Undefined variable: connection in /var/www/ingressmx/system/classes/QuarkORMEngine.php on line 132
Fatal error: Uncaught exception 'QuarkORMException' with message 'Datos para conexión $connection no definidos.' in /var/www/ingressmx/system/classes/QuarkORMEngine.php:46
Stack trace:
#0 /var/www/ingressmx/system/classes/QuarkORMEngine.php(132): QuarkORMEngine::getConnection(NULL)
#1 /var/www/ingressmx/application/orm/Categories.php(36): QuarkORMEngine::query('SELECT C.* FROM...', Array)
#2 /var/www/ingressmx/application/classes/IngressMXController.php(87): Categories::getCategoriesForRole(NULL, 1)
#3 /var/www/ingressmx/application/views/quark-access-denied.php(2): IngressMXController->header('ingress.mx - Co...', false)
#4 /var/www/ingressmx/system/classes/QuarkController.php(329): require('/var/www/ingres...')
#5 /var/www/ingressmx/system/classes/QuarkController.php(462): QuarkController->renderView('quark-access-de...')
#6 /var/www/ingressmx/system/classes/Quark.php(257): QuarkController->__quarkAccessDenied()
#7 /var/www/ingressmx/index.php(11): Quark::bigBang()
#8 {main}
  thrown in /var/www/ingressmx/system/classes/QuarkORMEngine.php on line 46

[07-Feb-2013 22:43:44]
lang=no_lang controller=home action=access-denied arguments=
Notice: Trying to get property of non-object in /var/www/ingressmx/application/classes/IngressMXController.php on line 87
Fatal error: Call to undefined method PDOStatement::setFetchStyle() in /var/www/ingressmx/application/orm/Categories.php on line 37

[07-Feb-2013 22:44:00]
lang=no_lang controller=home action=access-denied arguments=
Notice: Trying to get property of non-object in /var/www/ingressmx/application/classes/IngressMXController.php on line 87

